<?xml version='1.0' encoding='UTF-8'?>
<testsuite hostname="MacBookAir.attlocal.net" name="fp3tests" tests="10" errors="0" failures="0" skipped="0" time="0.015" timestamp="2025-04-22T15:05:06">
          <properties>
[...]
</properties>
          <testcase classname="fp3tests" name="EX01 - member" time="0.011">
                      
                    </testcase><testcase classname="fp3tests" name="EX02 - allEqual" time="0.0">
                      
                    </testcase><testcase classname="fp3tests" name="EX03 - stringLengths" time="0.0">
                      
                    </testcase><testcase classname="fp3tests" name="EX04 - delete1" time="0.0">
                      
                    </testcase><testcase classname="fp3tests" name="EX05 - delete2" time="0.001">
                      
                    </testcase><testcase classname="fp3tests" name="EX06 - delete3" time="0.001">
                      
                    </testcase><testcase classname="fp3tests" name="EX07 - removeDupes1" time="0.001">
                      
                    </testcase><testcase classname="fp3tests" name="EX08 - removeDupes2" time="0.001">
                      
                    </testcase><testcase classname="fp3tests" name="EX09 - splitAt" time="0.0">
                      
                    </testcase><testcase classname="fp3tests" name="EX10 - allDistinct" time="0.0">
                      
                    </testcase>
          <system-out><![CDATA[]]></system-out>
          <system-err><![CDATA[]]></system-err>
        </testsuite>